{
"/Users/philkunz/github/pushrocks/smartenv/dist/index.js":{"path":"/Users/philkunz/github/pushrocks/smartenv/dist/index.js","s":{"1":1,"2":1,"3":1,"4":1,"5":1,"6":1},"b":{},"f":{},"fnMap":{},"statementMap":{"1":{"start":{"line":4,"column":0},"end":{"line":4,"column":60}},"2":{"start":{"line":5,"column":0},"end":{"line":5,"column":64}},"3":{"start":{"line":6,"column":0},"end":{"line":6,"column":18}},"4":{"start":{"line":7,"column":0},"end":{"line":7,"column":35}},"5":{"start":{"line":8,"column":0},"end":{"line":8,"column":41}},"6":{"start":{"line":9,"column":0},"end":{"line":9,"column":26}}},"branchMap":{},"l":{"4":1,"5":1,"6":1,"7":1,"8":1,"9":1}},
"/Users/philkunz/github/pushrocks/smartenv/dist/smartenv.environment.js":{"path":"/Users/philkunz/github/pushrocks/smartenv/dist/smartenv.environment.js","s":{"1":1,"2":1,"3":1,"4":1,"5":1,"6":1,"7":4,"8":1,"9":1,"10":1,"11":1,"12":0,"13":0,"14":1,"15":1,"16":1,"17":1,"18":4,"19":1,"20":2,"21":2,"22":2,"23":2,"24":0,"25":0,"26":2,"27":2,"28":1,"29":1,"30":1},"b":{"1":[1,3],"2":[0,1],"3":[1,0],"4":[2,0]},"f":{"1":4,"2":1,"3":2,"4":1},"fnMap":{"1":{"name":"(anonymous_1)","line":16,"loc":{"start":{"line":16,"column":13},"end":{"line":16,"column":25}}},"2":{"name":"(anonymous_2)","line":18,"loc":{"start":{"line":18,"column":9},"end":{"line":18,"column":21}}},"3":{"name":"(anonymous_3)","line":38,"loc":{"start":{"line":38,"column":15},"end":{"line":38,"column":27}}},"4":{"name":"(anonymous_4)","line":51,"loc":{"start":{"line":51,"column":15},"end":{"line":51,"column":36}}}},"statementMap":{"1":{"start":{"line":7,"column":0},"end":{"line":7,"column":44}},"2":{"start":{"line":8,"column":0},"end":{"line":8,"column":52}},"3":{"start":{"line":9,"column":0},"end":{"line":9,"column":64}},"4":{"start":{"line":10,"column":0},"end":{"line":10,"column":16}},"5":{"start":{"line":11,"column":0},"end":{"line":11,"column":26}},"6":{"start":{"line":16,"column":0},"end":{"line":34,"column":2}},"7":{"start":{"line":17,"column":4},"end":{"line":31,"column":5}},"8":{"start":{"line":18,"column":8},"end":{"line":29,"column":13}},"9":{"start":{"line":19,"column":12},"end":{"line":19,"column":46}},"10":{"start":{"line":20,"column":12},"end":{"line":20,"column":45}},"11":{"start":{"line":21,"column":12},"end":{"line":27,"column":13}},"12":{"start":{"line":22,"column":16},"end":{"line":22,"column":44}},"13":{"start":{"line":23,"column":16},"end":{"line":23,"column":53}},"14":{"start":{"line":25,"column":17},"end":{"line":27,"column":13}},"15":{"start":{"line":26,"column":16},"end":{"line":26,"column":41}},"16":{"start":{"line":28,"column":12},"end":{"line":28,"column":91}},"17":{"start":{"line":30,"column":8},"end":{"line":30,"column":29}},"18":{"start":{"line":33,"column":4},"end":{"line":33,"column":23}},"19":{"start":{"line":38,"column":0},"end":{"line":50,"column":2}},"20":{"start":{"line":39,"column":4},"end":{"line":47,"column":5}},"21":{"start":{"line":40,"column":8},"end":{"line":40,"column":48}},"22":{"start":{"line":41,"column":8},"end":{"line":41,"column":65}},"23":{"start":{"line":42,"column":8},"end":{"line":42,"column":126}},"24":{"start":{"line":45,"column":8},"end":{"line":45,"column":51}},"25":{"start":{"line":46,"column":8},"end":{"line":46,"column":71}},"26":{"start":{"line":48,"column":4},"end":{"line":48,"column":103}},"27":{"start":{"line":49,"column":4},"end":{"line":49,"column":80}},"28":{"start":{"line":51,"column":0},"end":{"line":54,"column":2}},"29":{"start":{"line":52,"column":4},"end":{"line":52,"column":30}},"30":{"start":{"line":53,"column":4},"end":{"line":53,"column":34}}},"branchMap":{"1":{"line":17,"type":"if","locations":[{"start":{"line":17,"column":4},"end":{"line":17,"column":4}},{"start":{"line":17,"column":4},"end":{"line":17,"column":4}}]},"2":{"line":21,"type":"if","locations":[{"start":{"line":21,"column":12},"end":{"line":21,"column":12}},{"start":{"line":21,"column":12},"end":{"line":21,"column":12}}]},"3":{"line":25,"type":"if","locations":[{"start":{"line":25,"column":17},"end":{"line":25,"column":17}},{"start":{"line":25,"column":17},"end":{"line":25,"column":17}}]},"4":{"line":39,"type":"if","locations":[{"start":{"line":39,"column":4},"end":{"line":39,"column":4}},{"start":{"line":39,"column":4},"end":{"line":39,"column":4}}]}},"l":{"7":1,"8":1,"9":1,"10":1,"11":1,"16":1,"17":4,"18":1,"19":1,"20":1,"21":1,"22":0,"23":0,"25":1,"26":1,"28":1,"30":1,"33":4,"38":1,"39":2,"40":2,"41":2,"42":2,"45":0,"46":0,"48":2,"49":2,"51":1,"52":1,"53":1}},
"/Users/philkunz/github/pushrocks/smartenv/dist/smartenv.plugins.js":{"path":"/Users/philkunz/github/pushrocks/smartenv/dist/smartenv.plugins.js","s":{"1":1,"2":1},"b":{},"f":{},"fnMap":{},"statementMap":{"1":{"start":{"line":4,"column":0},"end":{"line":4,"column":41}},"2":{"start":{"line":5,"column":0},"end":{"line":5,"column":30}}},"branchMap":{},"l":{"4":1,"5":1}},
"/Users/philkunz/github/pushrocks/smartenv/dist/smartenv.classes.js":{"path":"/Users/philkunz/github/pushrocks/smartenv/dist/smartenv.classes.js","s":{"1":1,"2":1,"3":1,"4":0,"5":1,"6":1,"7":1,"8":1,"9":1,"10":1,"11":0,"12":0,"13":0,"14":0,"15":1,"16":1},"b":{"1":[0,1],"2":[1,0],"3":[0,0]},"f":{"1":1,"2":1},"fnMap":{"1":{"name":"(anonymous_1)","line":4,"loc":{"start":{"line":4,"column":19},"end":{"line":4,"column":31}}},"2":{"name":"Environment","line":5,"loc":{"start":{"line":5,"column":4},"end":{"line":5,"column":54}}}},"statementMap":{"1":{"start":{"line":4,"column":0},"end":{"line":22,"column":5}},"2":{"start":{"line":5,"column":4},"end":{"line":19,"column":5}},"3":{"start":{"line":6,"column":8},"end":{"line":6,"column":68}},"4":{"start":{"line":6,"column":39},"end":{"line":6,"column":66}},"5":{"start":{"line":7,"column":8},"end":{"line":7,"column":40}},"6":{"start":{"line":8,"column":8},"end":{"line":8,"column":38}},"7":{"start":{"line":9,"column":8},"end":{"line":18,"column":9}},"8":{"start":{"line":10,"column":12},"end":{"line":10,"column":35}},"9":{"start":{"line":11,"column":12},"end":{"line":11,"column":31}},"10":{"start":{"line":12,"column":12},"end":{"line":12,"column":47}},"11":{"start":{"line":14,"column":13},"end":{"line":18,"column":9}},"12":{"start":{"line":15,"column":12},"end":{"line":15,"column":34}},"13":{"start":{"line":16,"column":12},"end":{"line":16,"column":32}},"14":{"start":{"line":17,"column":12},"end":{"line":17,"column":43}},"15":{"start":{"line":21,"column":4},"end":{"line":21,"column":23}},"16":{"start":{"line":23,"column":0},"end":{"line":23,"column":34}}},"branchMap":{"1":{"line":6,"type":"if","locations":[{"start":{"line":6,"column":8},"end":{"line":6,"column":8}},{"start":{"line":6,"column":8},"end":{"line":6,"column":8}}]},"2":{"line":9,"type":"if","locations":[{"start":{"line":9,"column":8},"end":{"line":9,"column":8}},{"start":{"line":9,"column":8},"end":{"line":9,"column":8}}]},"3":{"line":14,"type":"if","locations":[{"start":{"line":14,"column":13},"end":{"line":14,"column":13}},{"start":{"line":14,"column":13},"end":{"line":14,"column":13}}]}},"l":{"4":1,"5":1,"6":1,"7":1,"8":1,"9":1,"10":1,"11":1,"12":1,"14":0,"15":0,"16":0,"17":0,"21":1,"23":1}},
"/Users/philkunz/github/pushrocks/smartenv/dist/smartenv.objectstorage.js":{"path":"/Users/philkunz/github/pushrocks/smartenv/dist/smartenv.objectstorage.js","s":{"1":1,"2":1,"3":2,"4":0,"5":2,"6":0,"7":2,"8":0,"9":0,"10":2,"11":0,"12":2,"13":1,"14":1,"15":2,"16":1,"17":1,"18":1,"19":0,"20":6,"21":2,"22":0,"23":0,"24":1},"b":{"1":[0,2],"2":[0,2],"3":[0,2],"4":[0,2],"5":[1,1],"6":[1,0]},"f":{"1":2,"2":1,"3":1,"4":6,"5":2,"6":0},"fnMap":{"1":{"name":"(anonymous_1)","line":6,"loc":{"start":{"line":6,"column":9},"end":{"line":6,"column":44}}},"2":{"name":"(anonymous_2)","line":24,"loc":{"start":{"line":24,"column":13},"end":{"line":24,"column":48}}},"3":{"name":"(anonymous_3)","line":27,"loc":{"start":{"line":27,"column":11},"end":{"line":27,"column":46}}},"4":{"name":"(anonymous_4)","line":35,"loc":{"start":{"line":35,"column":9},"end":{"line":35,"column":28}}},"5":{"name":"(anonymous_5)","line":38,"loc":{"start":{"line":38,"column":12},"end":{"line":38,"column":24}}},"6":{"name":"(anonymous_6)","line":41,"loc":{"start":{"line":41,"column":17},"end":{"line":41,"column":37}}}},"statementMap":{"1":{"start":{"line":4,"column":0},"end":{"line":4,"column":44}},"2":{"start":{"line":5,"column":0},"end":{"line":45,"column":2}},"3":{"start":{"line":7,"column":8},"end":{"line":7,"column":68}},"4":{"start":{"line":7,"column":39},"end":{"line":7,"column":66}},"5":{"start":{"line":8,"column":8},"end":{"line":8,"column":62}},"6":{"start":{"line":8,"column":36},"end":{"line":8,"column":60}},"7":{"start":{"line":9,"column":8},"end":{"line":12,"column":9}},"8":{"start":{"line":10,"column":12},"end":{"line":10,"column":62}},"9":{"start":{"line":11,"column":12},"end":{"line":11,"column":19}},"10":{"start":{"line":13,"column":8},"end":{"line":15,"column":9}},"11":{"start":{"line":14,"column":12},"end":{"line":14,"column":62}},"12":{"start":{"line":16,"column":8},"end":{"line":21,"column":9}},"13":{"start":{"line":17,"column":12},"end":{"line":17,"column":55}},"14":{"start":{"line":20,"column":12},"end":{"line":20,"column":95}},"15":{"start":{"line":22,"column":8},"end":{"line":22,"column":46}},"16":{"start":{"line":25,"column":8},"end":{"line":25,"column":51}},"17":{"start":{"line":28,"column":8},"end":{"line":33,"column":9}},"18":{"start":{"line":29,"column":12},"end":{"line":29,"column":105}},"19":{"start":{"line":32,"column":12},"end":{"line":32,"column":91}},"20":{"start":{"line":36,"column":8},"end":{"line":36,"column":41}},"21":{"start":{"line":39,"column":8},"end":{"line":39,"column":32}},"22":{"start":{"line":42,"column":8},"end":{"line":42,"column":72}},"23":{"start":{"line":43,"column":8},"end":{"line":43,"column":32}},"24":{"start":{"line":46,"column":0},"end":{"line":46,"column":22}}},"branchMap":{"1":{"line":7,"type":"if","locations":[{"start":{"line":7,"column":8},"end":{"line":7,"column":8}},{"start":{"line":7,"column":8},"end":{"line":7,"column":8}}]},"2":{"line":8,"type":"if","locations":[{"start":{"line":8,"column":8},"end":{"line":8,"column":8}},{"start":{"line":8,"column":8},"end":{"line":8,"column":8}}]},"3":{"line":9,"type":"if","locations":[{"start":{"line":9,"column":8},"end":{"line":9,"column":8}},{"start":{"line":9,"column":8},"end":{"line":9,"column":8}}]},"4":{"line":13,"type":"if","locations":[{"start":{"line":13,"column":8},"end":{"line":13,"column":8}},{"start":{"line":13,"column":8},"end":{"line":13,"column":8}}]},"5":{"line":16,"type":"if","locations":[{"start":{"line":16,"column":8},"end":{"line":16,"column":8}},{"start":{"line":16,"column":8},"end":{"line":16,"column":8}}]},"6":{"line":28,"type":"if","locations":[{"start":{"line":28,"column":8},"end":{"line":28,"column":8}},{"start":{"line":28,"column":8},"end":{"line":28,"column":8}}]}},"l":{"4":1,"5":1,"7":2,"8":2,"9":2,"10":0,"11":0,"13":2,"14":0,"16":2,"17":1,"20":1,"22":2,"25":1,"28":1,"29":1,"32":0,"36":6,"39":2,"42":0,"43":0,"46":1}}}
