TN:
SF:/Users/philkunz/github/pushrocks/smartenv/dist/index.js
FNF:0
FNH:0
DA:4,1
DA:5,1
DA:6,1
DA:7,1
DA:8,1
DA:9,1
LF:6
LH:6
BRF:0
BRH:0
end_of_record
TN:
SF:/Users/philkunz/github/pushrocks/smartenv/dist/smartenv.environment.js
FN:16,(anonymous_1)
FN:18,(anonymous_2)
FN:38,(anonymous_3)
FN:51,(anonymous_4)
FNF:4
FNH:4
FNDA:4,(anonymous_1)
FNDA:1,(anonymous_2)
FNDA:2,(anonymous_3)
FNDA:1,(anonymous_4)
DA:7,1
DA:8,1
DA:9,1
DA:10,1
DA:11,1
DA:16,1
DA:17,4
DA:18,1
DA:19,1
DA:20,1
DA:21,1
DA:22,0
DA:23,0
DA:25,1
DA:26,1
DA:28,1
DA:30,1
DA:33,4
DA:38,1
DA:39,2
DA:40,2
DA:41,2
DA:42,2
DA:45,0
DA:46,0
DA:48,2
DA:49,2
DA:51,1
DA:52,1
DA:53,1
LF:30
LH:26
BRDA:17,1,0,1
BRDA:17,1,1,3
BRDA:21,2,0,0
BRDA:21,2,1,1
BRDA:25,3,0,1
BRDA:25,3,1,0
BRDA:39,4,0,2
BRDA:39,4,1,0
BRF:8
BRH:5
end_of_record
TN:
SF:/Users/philkunz/github/pushrocks/smartenv/dist/smartenv.plugins.js
FNF:0
FNH:0
DA:4,1
DA:5,1
LF:2
LH:2
BRF:0
BRH:0
end_of_record
TN:
SF:/Users/philkunz/github/pushrocks/smartenv/dist/smartenv.classes.js
FN:4,(anonymous_1)
FN:5,Environment
FNF:2
FNH:2
FNDA:1,(anonymous_1)
FNDA:1,Environment
DA:4,1
DA:5,1
DA:6,1
DA:7,1
DA:8,1
DA:9,1
DA:10,1
DA:11,1
DA:12,1
DA:14,0
DA:15,0
DA:16,0
DA:17,0
DA:21,1
DA:23,1
LF:15
LH:11
BRDA:6,1,0,0
BRDA:6,1,1,1
BRDA:9,2,0,1
BRDA:9,2,1,0
BRDA:14,3,0,0
BRDA:14,3,1,0
BRF:6
BRH:2
end_of_record
TN:
SF:/Users/philkunz/github/pushrocks/smartenv/dist/smartenv.objectstorage.js
FN:6,(anonymous_1)
FN:24,(anonymous_2)
FN:27,(anonymous_3)
FN:35,(anonymous_4)
FN:38,(anonymous_5)
FN:41,(anonymous_6)
FNF:6
FNH:5
FNDA:2,(anonymous_1)
FNDA:1,(anonymous_2)
FNDA:1,(anonymous_3)
FNDA:6,(anonymous_4)
FNDA:2,(anonymous_5)
FNDA:0,(anonymous_6)
DA:4,1
DA:5,1
DA:7,2
DA:8,2
DA:9,2
DA:10,0
DA:11,0
DA:13,2
DA:14,0
DA:16,2
DA:17,1
DA:20,1
DA:22,2
DA:25,1
DA:28,1
DA:29,1
DA:32,0
DA:36,6
DA:39,2
DA:42,0
DA:43,0
DA:46,1
LF:22
LH:16
BRDA:7,1,0,0
BRDA:7,1,1,2
BRDA:8,2,0,0
BRDA:8,2,1,2
BRDA:9,3,0,0
BRDA:9,3,1,2
BRDA:13,4,0,0
BRDA:13,4,1,2
BRDA:16,5,0,1
BRDA:16,5,1,1
BRDA:28,6,0,1
BRDA:28,6,1,0
BRF:12
BRH:7
end_of_record
